0 info it worked if it ends with ok
1 verbose cli [ 'C:\\Portable\\nodejs\\node.exe',
1 verbose cli   'C:\\Portable\\nodejs\\node_modules\\npm\\bin\\npm-cli.js',
1 verbose cli   'start' ]
2 info using npm@3.10.9
3 info using node@v6.7.0
4 verbose run-script [ 'prestart', 'start', 'poststart' ]
5 info lifecycle PUGBOT@0.1.0~prestart: PUGBOT@0.1.0
6 silly lifecycle PUGBOT@0.1.0~prestart: no script for prestart, continuing
7 info lifecycle PUGBOT@0.1.0~start: PUGBOT@0.1.0
8 verbose lifecycle PUGBOT@0.1.0~start: unsafe-perm in lifecycle true
9 verbose lifecycle PUGBOT@0.1.0~start: PATH: C:\Portable\nodejs\node_modules\npm\bin\node-gyp-bin;D:\projects\DiscordBot\node_modules\.bin;D:\stingray\mp_template\moonscript;D:\soft\Livestreamer;C:\Portable\cmder\bin;C:\Portable\cmder\vendor\msysgit\bin;C:\Portable\cmder\vendor\msysgit\cmd;C:\Portable\Ruby\bin;C:\Portable\vim;C:\Portable\vim\Python;C:\Portable\vim\Python\Scripts;C:\Portable\LLVM\bin;C:\Portable\cmder\vendor\msysgit\usr\bin;C:\Portable\nodejs;C:\Portable\CMake\bin;C:\Portable\cmder\vendor\conemu-maximus5;C:\Portable\cmder\vendor\conemu-maximus5\ConEmu;C:\Program Files\NVIDIA GPU Computing Toolkit\CUDA\v7.5\bin;C:\Program Files\NVIDIA GPU Computing Toolkit\CUDA\v7.5\libnvvp;;C:\Program Files (x86)\Intel\iCLS Client\;C:\Program Files\Intel\iCLS Client\;C:\Windows\system32;C:\Windows;C:\Windows\System32\Wbem;C:\Windows\System32\WindowsPowerShell\v1.0\;C:\Program Files (x86)\Intel\Intel(R) Management Engine Components\DAL;C:\Program Files\Intel\Intel(R) Management Engine Components\DAL;C:\Program Files (x86)\Intel\Intel(R) Management Engine Components\IPT;C:\Program Files\Intel\Intel(R) Management Engine Components\IPT;C:\Program Files (x86)\Windows Kits\8.1\Windows Performance Toolkit\;C:\WINDOWS\system32;C:\WINDOWS;C:\WINDOWS\System32\Wbem;C:\WINDOWS\System32\WindowsPowerShell\v1.0\;C:\Program Files (x86)\GtkSharp\2.12\bin;C:\Program Files (x86)\Skype\Phone\;D:\Soft\Git LFS;C:\Program Files\Git\cmd;C:\Program Files\Microsoft\Web Platform Installer\;C:\Program Files (x86)\NVIDIA Corporation\PhysX\Common;%SystemRoot%\system32;%SystemRoot%;%SystemRoot%\System32\Wbem;%SYSTEMROOT%\System32\WindowsPowerShell\v1.0\;C:\Users\Awpteamoose\AppData\Local\Microsoft\WindowsApps;
10 verbose lifecycle PUGBOT@0.1.0~start: CWD: D:\projects\DiscordBot
11 silly lifecycle PUGBOT@0.1.0~start: Args: [ '/d /s /c', 'node index.js' ]
12 silly lifecycle PUGBOT@0.1.0~start: Returned: code: 1  signal: null
13 info lifecycle PUGBOT@0.1.0~start: Failed to exec start script
14 verbose stack Error: PUGBOT@0.1.0 start: `node index.js`
14 verbose stack Exit status 1
14 verbose stack     at EventEmitter.<anonymous> (C:\Portable\nodejs\node_modules\npm\lib\utils\lifecycle.js:255:16)
14 verbose stack     at emitTwo (events.js:106:13)
14 verbose stack     at EventEmitter.emit (events.js:191:7)
14 verbose stack     at ChildProcess.<anonymous> (C:\Portable\nodejs\node_modules\npm\lib\utils\spawn.js:40:14)
14 verbose stack     at emitTwo (events.js:106:13)
14 verbose stack     at ChildProcess.emit (events.js:191:7)
14 verbose stack     at maybeClose (internal/child_process.js:877:16)
14 verbose stack     at Process.ChildProcess._handle.onexit (internal/child_process.js:226:5)
15 verbose pkgid PUGBOT@0.1.0
16 verbose cwd D:\projects\DiscordBot
17 error Windows_NT 10.0.14393
18 error argv "C:\\Portable\\nodejs\\node.exe" "C:\\Portable\\nodejs\\node_modules\\npm\\bin\\npm-cli.js" "start"
19 error node v6.7.0
20 error npm  v3.10.9
21 error code ELIFECYCLE
22 error PUGBOT@0.1.0 start: `node index.js`
22 error Exit status 1
23 error Failed at the PUGBOT@0.1.0 start script 'node index.js'.
23 error Make sure you have the latest version of node.js and npm installed.
23 error If you do, this is most likely a problem with the PUGBOT package,
23 error not with npm itself.
23 error Tell the author that this fails on your system:
23 error     node index.js
23 error You can get information on how to open an issue for this project with:
23 error     npm bugs PUGBOT
23 error Or if that isn't available, you can get their info via:
23 error     npm owner ls PUGBOT
23 error There is likely additional logging output above.
24 verbose exit [ 1, true ]
